<?xml version="1.0" encoding="UTF-8"?>
<coverage generated="1587589815120" clover="3.2.0">
  <project timestamp="1587589815120" name="All files">
    <metrics statements="35" coveredstatements="35" conditionals="6" coveredconditionals="6" methods="10" coveredmethods="10" elements="51" coveredelements="51" complexity="0" loc="35" ncloc="35" packages="1" files="1" classes="1"/>
    <file name="index.js" path="C:\Users\jason\dev\navysearch\src\utils\index.js">
      <metrics statements="35" coveredstatements="35" conditionals="6" coveredconditionals="6" methods="10" coveredmethods="10"/>
      <line num="1" count="1" type="stmt"/>
      <line num="2" count="1" type="stmt"/>
      <line num="4" count="1" type="stmt"/>
      <line num="5" count="1" type="stmt"/>
      <line num="6" count="1" type="stmt"/>
      <line num="7" count="1" type="stmt"/>
      <line num="8" count="9" type="stmt"/>
      <line num="9" count="3" type="stmt"/>
      <line num="12" count="5" type="stmt"/>
      <line num="15" count="1" type="stmt"/>
      <line num="16" count="39" type="stmt"/>
      <line num="17" count="11" type="stmt"/>
      <line num="18" count="1" type="stmt"/>
      <line num="19" count="8" type="stmt"/>
      <line num="20" count="8" type="stmt"/>
      <line num="21" count="8" type="cond" truecount="2" falsecount="0"/>
      <line num="22" count="8" type="stmt"/>
      <line num="23" count="8" type="stmt"/>
      <line num="24" count="8" type="stmt"/>
      <line num="25" count="8" type="stmt"/>
      <line num="26" count="8" type="stmt"/>
      <line num="28" count="1" type="stmt"/>
      <line num="29" count="3" type="stmt"/>
      <line num="30" count="3" type="stmt"/>
      <line num="31" count="3" type="stmt"/>
      <line num="32" count="3" type="stmt"/>
      <line num="33" count="3" type="stmt"/>
      <line num="35" count="1" type="stmt"/>
      <line num="36" count="6" type="stmt"/>
      <line num="37" count="6" type="stmt"/>
      <line num="38" count="6" type="stmt"/>
      <line num="39" count="14" type="stmt"/>
      <line num="40" count="14" type="stmt"/>
      <line num="41" count="14" type="stmt"/>
      <line num="45" count="1" type="stmt"/>
    </file>
  </project>
</coverage>
