{"C:\\Users\\jason\\dev\\navysearch\\src\\utils\\index.js": {"path":"C:\\Users\\jason\\dev\\navysearch\\src\\utils\\index.js","statementMap":{"0":{"start":{"line":1,"column":18},"end":{"line":1,"column":33}},"1":{"start":{"line":2,"column":20},"end":{"line":2,"column":37}},"2":{"start":{"line":4,"column":19},"end":{"line":4,"column":47}},"3":{"start":{"line":5,"column":32},"end":{"line":5,"column":36}},"4":{"start":{"line":6,"column":28},"end":{"line":6,"column":59}},"5":{"start":{"line":7,"column":27},"end":{"line":7,"column":28}},"6":{"start":{"line":8,"column":20},"end":{"line":8,"column":49}},"7":{"start":{"line":8,"column":29},"end":{"line":8,"column":49}},"8":{"start":{"line":9,"column":21},"end":{"line":9,"column":51}},"9":{"start":{"line":9,"column":30},"end":{"line":9,"column":51}},"10":{"start":{"line":10,"column":24},"end":{"line":10,"column":69}},"11":{"start":{"line":10,"column":47},"end":{"line":10,"column":69}},"12":{"start":{"line":11,"column":26},"end":{"line":16,"column":99}},"13":{"start":{"line":11,"column":35},"end":{"line":16,"column":99}},"14":{"start":{"line":14,"column":17},"end":{"line":14,"column":28}},"15":{"start":{"line":17,"column":24},"end":{"line":28,"column":1}},"16":{"start":{"line":18,"column":23},"end":{"line":18,"column":49}},"17":{"start":{"line":19,"column":24},"end":{"line":19,"column":43}},"18":{"start":{"line":20,"column":16},"end":{"line":20,"column":39}},"19":{"start":{"line":21,"column":16},"end":{"line":21,"column":30}},"20":{"start":{"line":22,"column":17},"end":{"line":22,"column":73}},"21":{"start":{"line":23,"column":17},"end":{"line":23,"column":42}},"22":{"start":{"line":24,"column":17},"end":{"line":24,"column":83}},"23":{"start":{"line":25,"column":16},"end":{"line":25,"column":69}},"24":{"start":{"line":26,"column":15},"end":{"line":26,"column":49}},"25":{"start":{"line":27,"column":4},"end":{"line":27,"column":49}},"26":{"start":{"line":29,"column":29},"end":{"line":37,"column":1}},"27":{"start":{"line":30,"column":16},"end":{"line":30,"column":34}},"28":{"start":{"line":31,"column":18},"end":{"line":31,"column":48}},"29":{"start":{"line":32,"column":4},"end":{"line":36,"column":7}},"30":{"start":{"line":33,"column":21},"end":{"line":33,"column":35}},"31":{"start":{"line":34,"column":22},"end":{"line":34,"column":35}},"32":{"start":{"line":35,"column":8},"end":{"line":35,"column":61}},"33":{"start":{"line":39,"column":0},"end":{"line":48,"column":2}}},"fnMap":{"0":{"name":"(anonymous_0)","decl":{"start":{"line":8,"column":20},"end":{"line":8,"column":21}},"loc":{"start":{"line":8,"column":29},"end":{"line":8,"column":49}},"line":8},"1":{"name":"(anonymous_1)","decl":{"start":{"line":9,"column":21},"end":{"line":9,"column":22}},"loc":{"start":{"line":9,"column":30},"end":{"line":9,"column":51}},"line":9},"2":{"name":"(anonymous_2)","decl":{"start":{"line":10,"column":24},"end":{"line":10,"column":25}},"loc":{"start":{"line":10,"column":47},"end":{"line":10,"column":69}},"line":10},"3":{"name":"(anonymous_3)","decl":{"start":{"line":11,"column":26},"end":{"line":11,"column":27}},"loc":{"start":{"line":11,"column":35},"end":{"line":16,"column":99}},"line":11},"4":{"name":"(anonymous_4)","decl":{"start":{"line":14,"column":9},"end":{"line":14,"column":10}},"loc":{"start":{"line":14,"column":17},"end":{"line":14,"column":28}},"line":14},"5":{"name":"(anonymous_5)","decl":{"start":{"line":17,"column":24},"end":{"line":17,"column":25}},"loc":{"start":{"line":17,"column":33},"end":{"line":28,"column":1}},"line":17},"6":{"name":"(anonymous_6)","decl":{"start":{"line":29,"column":29},"end":{"line":29,"column":30}},"loc":{"start":{"line":29,"column":53},"end":{"line":37,"column":1}},"line":29},"7":{"name":"(anonymous_7)","decl":{"start":{"line":32,"column":38},"end":{"line":32,"column":39}},"loc":{"start":{"line":32,"column":52},"end":{"line":36,"column":5}},"line":32}},"branchMap":{"0":{"loc":{"start":{"line":16,"column":15},"end":{"line":16,"column":42}},"type":"cond-expr","locations":[{"start":{"line":16,"column":34},"end":{"line":16,"column":37}},{"start":{"line":16,"column":40},"end":{"line":16,"column":42}}],"line":16},"1":{"loc":{"start":{"line":16,"column":45},"end":{"line":16,"column":76}},"type":"cond-expr","locations":[{"start":{"line":16,"column":64},"end":{"line":16,"column":71}},{"start":{"line":16,"column":74},"end":{"line":16,"column":76}}],"line":16}},"s":{"0":1,"1":1,"2":1,"3":1,"4":1,"5":1,"6":1,"7":12,"8":1,"9":0,"10":1,"11":4,"12":1,"13":3,"14":5,"15":1,"16":3,"17":3,"18":3,"19":3,"20":3,"21":3,"22":3,"23":3,"24":3,"25":3,"26":1,"27":6,"28":6,"29":6,"30":14,"31":14,"32":14,"33":1},"f":{"0":12,"1":0,"2":4,"3":3,"4":5,"5":3,"6":6,"7":14},"b":{"0":[1,2],"1":[2,1]},"_coverageSchema":"1a1c01bbd47fc00a2c39e90264f33305004495a9","hash":"27c0cdeb4228230e68917a13be0529a77f9ee6cb"}
}
