{"C:\\Users\\jason\\dev\\navysearch\\src\\utils\\common.js": {"path":"C:\\Users\\jason\\dev\\navysearch\\src\\utils\\common.js","statementMap":{"0":{"start":{"line":1,"column":18},"end":{"line":1,"column":33}},"1":{"start":{"line":2,"column":31},"end":{"line":2,"column":47}},"2":{"start":{"line":4,"column":19},"end":{"line":4,"column":47}},"3":{"start":{"line":5,"column":32},"end":{"line":5,"column":36}},"4":{"start":{"line":6,"column":28},"end":{"line":6,"column":59}},"5":{"start":{"line":7,"column":27},"end":{"line":7,"column":28}},"6":{"start":{"line":8,"column":24},"end":{"line":8,"column":69}},"7":{"start":{"line":8,"column":47},"end":{"line":8,"column":69}},"8":{"start":{"line":9,"column":25},"end":{"line":12,"column":1}},"9":{"start":{"line":10,"column":19},"end":{"line":10,"column":99}},"10":{"start":{"line":10,"column":27},"end":{"line":10,"column":99}},"11":{"start":{"line":11,"column":4},"end":{"line":11,"column":102}},"12":{"start":{"line":21,"column":25},"end":{"line":31,"column":1}},"13":{"start":{"line":22,"column":17},"end":{"line":22,"column":53}},"14":{"start":{"line":23,"column":23},"end":{"line":23,"column":41}},"15":{"start":{"line":24,"column":23},"end":{"line":24,"column":37}},"16":{"start":{"line":25,"column":20},"end":{"line":25,"column":34}},"17":{"start":{"line":26,"column":25},"end":{"line":26,"column":40}},"18":{"start":{"line":27,"column":26},"end":{"line":27,"column":52}},"19":{"start":{"line":28,"column":25},"end":{"line":28,"column":65}},"20":{"start":{"line":29,"column":21},"end":{"line":29,"column":89}},"21":{"start":{"line":30,"column":4},"end":{"line":30,"column":115}},"22":{"start":{"line":32,"column":26},"end":{"line":37,"column":99}},"23":{"start":{"line":32,"column":35},"end":{"line":37,"column":99}},"24":{"start":{"line":35,"column":17},"end":{"line":35,"column":28}},"25":{"start":{"line":38,"column":13},"end":{"line":38,"column":50}},"26":{"start":{"line":38,"column":21},"end":{"line":38,"column":49}},"27":{"start":{"line":39,"column":23},"end":{"line":39,"column":84}},"28":{"start":{"line":39,"column":29},"end":{"line":39,"column":84}},"29":{"start":{"line":40,"column":20},"end":{"line":40,"column":49}},"30":{"start":{"line":40,"column":29},"end":{"line":40,"column":49}},"31":{"start":{"line":41,"column":21},"end":{"line":41,"column":51}},"32":{"start":{"line":41,"column":30},"end":{"line":41,"column":51}},"33":{"start":{"line":42,"column":25},"end":{"line":50,"column":1}},"34":{"start":{"line":43,"column":17},"end":{"line":43,"column":74}},"35":{"start":{"line":44,"column":17},"end":{"line":44,"column":42}},"36":{"start":{"line":45,"column":17},"end":{"line":45,"column":79}},"37":{"start":{"line":46,"column":16},"end":{"line":46,"column":65}},"38":{"start":{"line":47,"column":16},"end":{"line":47,"column":51}},"39":{"start":{"line":48,"column":15},"end":{"line":48,"column":49}},"40":{"start":{"line":49,"column":4},"end":{"line":49,"column":44}},"41":{"start":{"line":51,"column":23},"end":{"line":58,"column":1}},"42":{"start":{"line":52,"column":17},"end":{"line":52,"column":74}},"43":{"start":{"line":53,"column":17},"end":{"line":53,"column":53}},"44":{"start":{"line":54,"column":17},"end":{"line":54,"column":79}},"45":{"start":{"line":55,"column":16},"end":{"line":55,"column":65}},"46":{"start":{"line":56,"column":17},"end":{"line":56,"column":39}},"47":{"start":{"line":57,"column":4},"end":{"line":57,"column":34}},"48":{"start":{"line":59,"column":24},"end":{"line":64,"column":1}},"49":{"start":{"line":60,"column":23},"end":{"line":60,"column":49}},"50":{"start":{"line":61,"column":24},"end":{"line":61,"column":43}},"51":{"start":{"line":62,"column":16},"end":{"line":62,"column":30}},"52":{"start":{"line":63,"column":4},"end":{"line":63,"column":49}},"53":{"start":{"line":65,"column":29},"end":{"line":73,"column":1}},"54":{"start":{"line":66,"column":16},"end":{"line":66,"column":34}},"55":{"start":{"line":67,"column":18},"end":{"line":67,"column":48}},"56":{"start":{"line":68,"column":4},"end":{"line":72,"column":7}},"57":{"start":{"line":69,"column":21},"end":{"line":69,"column":35}},"58":{"start":{"line":70,"column":22},"end":{"line":70,"column":35}},"59":{"start":{"line":71,"column":8},"end":{"line":71,"column":61}},"60":{"start":{"line":75,"column":0},"end":{"line":90,"column":2}}},"fnMap":{"0":{"name":"(anonymous_0)","decl":{"start":{"line":8,"column":24},"end":{"line":8,"column":25}},"loc":{"start":{"line":8,"column":47},"end":{"line":8,"column":69}},"line":8},"1":{"name":"(anonymous_1)","decl":{"start":{"line":9,"column":25},"end":{"line":9,"column":26}},"loc":{"start":{"line":9,"column":43},"end":{"line":12,"column":1}},"line":9},"2":{"name":"(anonymous_2)","decl":{"start":{"line":10,"column":19},"end":{"line":10,"column":20}},"loc":{"start":{"line":10,"column":27},"end":{"line":10,"column":99}},"line":10},"3":{"name":"(anonymous_3)","decl":{"start":{"line":21,"column":25},"end":{"line":21,"column":26}},"loc":{"start":{"line":21,"column":48},"end":{"line":31,"column":1}},"line":21},"4":{"name":"(anonymous_4)","decl":{"start":{"line":32,"column":26},"end":{"line":32,"column":27}},"loc":{"start":{"line":32,"column":35},"end":{"line":37,"column":99}},"line":32},"5":{"name":"(anonymous_5)","decl":{"start":{"line":35,"column":9},"end":{"line":35,"column":10}},"loc":{"start":{"line":35,"column":17},"end":{"line":35,"column":28}},"line":35},"6":{"name":"(anonymous_6)","decl":{"start":{"line":38,"column":13},"end":{"line":38,"column":14}},"loc":{"start":{"line":38,"column":21},"end":{"line":38,"column":49}},"line":38},"7":{"name":"(anonymous_7)","decl":{"start":{"line":39,"column":23},"end":{"line":39,"column":24}},"loc":{"start":{"line":39,"column":29},"end":{"line":39,"column":84}},"line":39},"8":{"name":"(anonymous_8)","decl":{"start":{"line":40,"column":20},"end":{"line":40,"column":21}},"loc":{"start":{"line":40,"column":29},"end":{"line":40,"column":49}},"line":40},"9":{"name":"(anonymous_9)","decl":{"start":{"line":41,"column":21},"end":{"line":41,"column":22}},"loc":{"start":{"line":41,"column":30},"end":{"line":41,"column":51}},"line":41},"10":{"name":"(anonymous_10)","decl":{"start":{"line":42,"column":25},"end":{"line":42,"column":26}},"loc":{"start":{"line":42,"column":34},"end":{"line":50,"column":1}},"line":42},"11":{"name":"(anonymous_11)","decl":{"start":{"line":51,"column":23},"end":{"line":51,"column":24}},"loc":{"start":{"line":51,"column":32},"end":{"line":58,"column":1}},"line":51},"12":{"name":"(anonymous_12)","decl":{"start":{"line":59,"column":24},"end":{"line":59,"column":25}},"loc":{"start":{"line":59,"column":33},"end":{"line":64,"column":1}},"line":59},"13":{"name":"(anonymous_13)","decl":{"start":{"line":65,"column":29},"end":{"line":65,"column":30}},"loc":{"start":{"line":65,"column":53},"end":{"line":73,"column":1}},"line":65},"14":{"name":"(anonymous_14)","decl":{"start":{"line":68,"column":38},"end":{"line":68,"column":39}},"loc":{"start":{"line":68,"column":52},"end":{"line":72,"column":5}},"line":68}},"branchMap":{"0":{"loc":{"start":{"line":10,"column":27},"end":{"line":10,"column":99}},"type":"cond-expr","locations":[{"start":{"line":10,"column":69},"end":{"line":10,"column":92}},{"start":{"line":10,"column":95},"end":{"line":10,"column":99}}],"line":10},"1":{"loc":{"start":{"line":27,"column":26},"end":{"line":27,"column":52}},"type":"binary-expr","locations":[{"start":{"line":27,"column":26},"end":{"line":27,"column":36}},{"start":{"line":27,"column":40},"end":{"line":27,"column":52}}],"line":27},"2":{"loc":{"start":{"line":28,"column":25},"end":{"line":28,"column":65}},"type":"binary-expr","locations":[{"start":{"line":28,"column":26},"end":{"line":28,"column":36}},{"start":{"line":28,"column":40},"end":{"line":28,"column":53}},{"start":{"line":28,"column":58},"end":{"line":28,"column":65}}],"line":28},"3":{"loc":{"start":{"line":29,"column":63},"end":{"line":29,"column":87}},"type":"cond-expr","locations":[{"start":{"line":29,"column":79},"end":{"line":29,"column":82}},{"start":{"line":29,"column":85},"end":{"line":29,"column":87}}],"line":29},"4":{"loc":{"start":{"line":30,"column":40},"end":{"line":30,"column":71}},"type":"cond-expr","locations":[{"start":{"line":30,"column":55},"end":{"line":30,"column":66}},{"start":{"line":30,"column":69},"end":{"line":30,"column":71}}],"line":30},"5":{"loc":{"start":{"line":37,"column":15},"end":{"line":37,"column":42}},"type":"cond-expr","locations":[{"start":{"line":37,"column":34},"end":{"line":37,"column":37}},{"start":{"line":37,"column":40},"end":{"line":37,"column":42}}],"line":37},"6":{"loc":{"start":{"line":37,"column":45},"end":{"line":37,"column":76}},"type":"cond-expr","locations":[{"start":{"line":37,"column":64},"end":{"line":37,"column":71}},{"start":{"line":37,"column":74},"end":{"line":37,"column":76}}],"line":37}},"s":{"0":2,"1":2,"2":2,"3":2,"4":2,"5":2,"6":2,"7":25,"8":2,"9":5,"10":5,"11":5,"12":2,"13":26,"14":26,"15":26,"16":26,"17":26,"18":26,"19":26,"20":26,"21":26,"22":2,"23":4,"24":5,"25":2,"26":0,"27":2,"28":1,"29":2,"30":107,"31":2,"32":11,"33":2,"34":19,"35":19,"36":19,"37":19,"38":19,"39":19,"40":19,"41":2,"42":1,"43":1,"44":1,"45":1,"46":1,"47":1,"48":2,"49":15,"50":15,"51":15,"52":15,"53":2,"54":6,"55":6,"56":6,"57":14,"58":14,"59":14,"60":2},"f":{"0":25,"1":5,"2":5,"3":26,"4":4,"5":5,"6":0,"7":1,"8":107,"9":11,"10":19,"11":1,"12":15,"13":6,"14":14},"b":{"0":[0,5],"1":[26,16],"2":[26,16,11],"3":[1,25],"4":[19,7],"5":[1,3],"6":[2,2]},"_coverageSchema":"1a1c01bbd47fc00a2c39e90264f33305004495a9","hash":"ff98574df40d3c9e63fbb9be0b77572a275f77f8"}
,"C:\\Users\\jason\\dev\\navysearch\\src\\utils\\data.js": {"path":"C:\\Users\\jason\\dev\\navysearch\\src\\utils\\data.js","statementMap":{"0":{"start":{"line":1,"column":20},"end":{"line":1,"column":35}},"1":{"start":{"line":2,"column":12},"end":{"line":2,"column":29}},"2":{"start":{"line":3,"column":14},"end":{"line":3,"column":30}},"3":{"start":{"line":4,"column":12},"end":{"line":4,"column":26}},"4":{"start":{"line":5,"column":13},"end":{"line":5,"column":29}},"5":{"start":{"line":6,"column":22},"end":{"line":6,"column":46}},"6":{"start":{"line":7,"column":14},"end":{"line":7,"column":38}},"7":{"start":{"line":8,"column":21},"end":{"line":8,"column":37}},"8":{"start":{"line":9,"column":15},"end":{"line":9,"column":45}},"9":{"start":{"line":19,"column":4},"end":{"line":19,"column":26}},"10":{"start":{"line":20,"column":28},"end":{"line":20,"column":33}},"11":{"start":{"line":28,"column":27},"end":{"line":38,"column":1}},"12":{"start":{"line":29,"column":14},"end":{"line":29,"column":24}},"13":{"start":{"line":30,"column":16},"end":{"line":30,"column":46}},"14":{"start":{"line":31,"column":19},"end":{"line":31,"column":39}},"15":{"start":{"line":32,"column":23},"end":{"line":32,"column":71}},"16":{"start":{"line":33,"column":4},"end":{"line":37,"column":78}},"17":{"start":{"line":34,"column":25},"end":{"line":34,"column":29}},"18":{"start":{"line":35,"column":23},"end":{"line":35,"column":42}},"19":{"start":{"line":37,"column":33},"end":{"line":37,"column":76}},"20":{"start":{"line":37,"column":65},"end":{"line":37,"column":75}},"21":{"start":{"line":43,"column":16},"end":{"line":52,"column":1}},"22":{"start":{"line":44,"column":23},"end":{"line":44,"column":51}},"23":{"start":{"line":45,"column":15},"end":{"line":45,"column":42}},"24":{"start":{"line":46,"column":4},"end":{"line":51,"column":58}},"25":{"start":{"line":48,"column":28},"end":{"line":48,"column":80}},"26":{"start":{"line":49,"column":12},"end":{"line":49,"column":68}},"27":{"start":{"line":51,"column":22},"end":{"line":51,"column":55}},"28":{"start":{"line":59,"column":17},"end":{"line":93,"column":1}},"29":{"start":{"line":60,"column":25},"end":{"line":65,"column":5}},"30":{"start":{"line":61,"column":25},"end":{"line":61,"column":30}},"31":{"start":{"line":62,"column":28},"end":{"line":62,"column":52}},"32":{"start":{"line":63,"column":24},"end":{"line":63,"column":106}},"33":{"start":{"line":64,"column":8},"end":{"line":64,"column":29}},"34":{"start":{"line":66,"column":24},"end":{"line":69,"column":5}},"35":{"start":{"line":67,"column":26},"end":{"line":67,"column":79}},"36":{"start":{"line":67,"column":51},"end":{"line":67,"column":78}},"37":{"start":{"line":68,"column":8},"end":{"line":68,"column":109}},"38":{"start":{"line":70,"column":16},"end":{"line":70,"column":54}},"39":{"start":{"line":70,"column":24},"end":{"line":70,"column":54}},"40":{"start":{"line":71,"column":18},"end":{"line":71,"column":103}},"41":{"start":{"line":71,"column":55},"end":{"line":71,"column":85}},"42":{"start":{"line":72,"column":30},"end":{"line":91,"column":5}},"43":{"start":{"line":73,"column":24},"end":{"line":73,"column":56}},"44":{"start":{"line":74,"column":21},"end":{"line":74,"column":37}},"45":{"start":{"line":75,"column":22},"end":{"line":79,"column":9}},"46":{"start":{"line":76,"column":27},"end":{"line":76,"column":79}},"47":{"start":{"line":76,"column":51},"end":{"line":76,"column":78}},"48":{"start":{"line":77,"column":12},"end":{"line":77,"column":108}},"49":{"start":{"line":78,"column":12},"end":{"line":78,"column":77}},"50":{"start":{"line":80,"column":30},"end":{"line":80,"column":47}},"51":{"start":{"line":81,"column":29},"end":{"line":81,"column":55}},"52":{"start":{"line":82,"column":30},"end":{"line":82,"column":55}},"53":{"start":{"line":83,"column":24},"end":{"line":88,"column":57}},"54":{"start":{"line":88,"column":29},"end":{"line":88,"column":56}},"55":{"start":{"line":89,"column":8},"end":{"line":89,"column":46}},"56":{"start":{"line":90,"column":8},"end":{"line":90,"column":23}},"57":{"start":{"line":92,"column":4},"end":{"line":92,"column":55}},"58":{"start":{"line":99,"column":22},"end":{"line":105,"column":1}},"59":{"start":{"line":100,"column":19},"end":{"line":100,"column":41}},"60":{"start":{"line":101,"column":18},"end":{"line":101,"column":40}},"61":{"start":{"line":102,"column":4},"end":{"line":102,"column":56}},"62":{"start":{"line":103,"column":19},"end":{"line":103,"column":61}},"63":{"start":{"line":104,"column":4},"end":{"line":104,"column":16}},"64":{"start":{"line":115,"column":18},"end":{"line":133,"column":1}},"65":{"start":{"line":116,"column":26},"end":{"line":116,"column":27}},"66":{"start":{"line":117,"column":20},"end":{"line":117,"column":56}},"67":{"start":{"line":118,"column":19},"end":{"line":118,"column":41}},"68":{"start":{"line":119,"column":18},"end":{"line":119,"column":40}},"69":{"start":{"line":120,"column":4},"end":{"line":132,"column":5}},"70":{"start":{"line":121,"column":8},"end":{"line":121,"column":57}},"71":{"start":{"line":122,"column":22},"end":{"line":122,"column":91}},"72":{"start":{"line":122,"column":31},"end":{"line":122,"column":91}},"73":{"start":{"line":123,"column":30},"end":{"line":125,"column":122}},"74":{"start":{"line":125,"column":35},"end":{"line":125,"column":120}},"75":{"start":{"line":126,"column":24},"end":{"line":126,"column":62}},"76":{"start":{"line":127,"column":8},"end":{"line":127,"column":103}},"77":{"start":{"line":128,"column":8},"end":{"line":128,"column":23}},"78":{"start":{"line":130,"column":8},"end":{"line":130,"column":61}},"79":{"start":{"line":131,"column":8},"end":{"line":131,"column":25}},"80":{"start":{"line":144,"column":17},"end":{"line":148,"column":1}},"81":{"start":{"line":145,"column":18},"end":{"line":145,"column":45}},"82":{"start":{"line":146,"column":20},"end":{"line":146,"column":59}},"83":{"start":{"line":147,"column":4},"end":{"line":147,"column":19}},"84":{"start":{"line":159,"column":15},"end":{"line":173,"column":1}},"85":{"start":{"line":160,"column":29},"end":{"line":163,"column":6}},"86":{"start":{"line":164,"column":17},"end":{"line":164,"column":42}},"87":{"start":{"line":164,"column":39},"end":{"line":164,"column":41}},"88":{"start":{"line":165,"column":19},"end":{"line":165,"column":58}},"89":{"start":{"line":165,"column":52},"end":{"line":165,"column":54}},"90":{"start":{"line":166,"column":20},"end":{"line":166,"column":70}},"91":{"start":{"line":167,"column":18},"end":{"line":167,"column":57}},"92":{"start":{"line":168,"column":20},"end":{"line":168,"column":38}},"93":{"start":{"line":169,"column":4},"end":{"line":171,"column":5}},"94":{"start":{"line":170,"column":8},"end":{"line":170,"column":68}},"95":{"start":{"line":172,"column":4},"end":{"line":172,"column":79}},"96":{"start":{"line":175,"column":0},"end":{"line":183,"column":2}}},"fnMap":{"0":{"name":"(anonymous_0)","decl":{"start":{"line":28,"column":27},"end":{"line":28,"column":28}},"loc":{"start":{"line":28,"column":49},"end":{"line":38,"column":1}},"line":28},"1":{"name":"(anonymous_1)","decl":{"start":{"line":34,"column":13},"end":{"line":34,"column":14}},"loc":{"start":{"line":34,"column":25},"end":{"line":34,"column":29}},"line":34},"2":{"name":"(anonymous_2)","decl":{"start":{"line":35,"column":16},"end":{"line":35,"column":17}},"loc":{"start":{"line":35,"column":23},"end":{"line":35,"column":42}},"line":35},"3":{"name":"(anonymous_3)","decl":{"start":{"line":37,"column":16},"end":{"line":37,"column":17}},"loc":{"start":{"line":37,"column":33},"end":{"line":37,"column":76}},"line":37},"4":{"name":"(anonymous_4)","decl":{"start":{"line":37,"column":51},"end":{"line":37,"column":52}},"loc":{"start":{"line":37,"column":65},"end":{"line":37,"column":75}},"line":37},"5":{"name":"(anonymous_5)","decl":{"start":{"line":43,"column":16},"end":{"line":43,"column":17}},"loc":{"start":{"line":43,"column":50},"end":{"line":52,"column":1}},"line":43},"6":{"name":"(anonymous_6)","decl":{"start":{"line":47,"column":14},"end":{"line":47,"column":15}},"loc":{"start":{"line":47,"column":32},"end":{"line":50,"column":9}},"line":47},"7":{"name":"(anonymous_7)","decl":{"start":{"line":51,"column":15},"end":{"line":51,"column":16}},"loc":{"start":{"line":51,"column":22},"end":{"line":51,"column":55}},"line":51},"8":{"name":"(anonymous_8)","decl":{"start":{"line":59,"column":17},"end":{"line":59,"column":18}},"loc":{"start":{"line":59,"column":40},"end":{"line":93,"column":1}},"line":59},"9":{"name":"(anonymous_9)","decl":{"start":{"line":60,"column":25},"end":{"line":60,"column":26}},"loc":{"start":{"line":60,"column":34},"end":{"line":65,"column":5}},"line":60},"10":{"name":"(anonymous_10)","decl":{"start":{"line":66,"column":24},"end":{"line":66,"column":25}},"loc":{"start":{"line":66,"column":33},"end":{"line":69,"column":5}},"line":66},"11":{"name":"(anonymous_11)","decl":{"start":{"line":67,"column":39},"end":{"line":67,"column":40}},"loc":{"start":{"line":67,"column":51},"end":{"line":67,"column":78}},"line":67},"12":{"name":"(anonymous_12)","decl":{"start":{"line":70,"column":16},"end":{"line":70,"column":17}},"loc":{"start":{"line":70,"column":24},"end":{"line":70,"column":54}},"line":70},"13":{"name":"(anonymous_13)","decl":{"start":{"line":71,"column":47},"end":{"line":71,"column":48}},"loc":{"start":{"line":71,"column":55},"end":{"line":71,"column":85}},"line":71},"14":{"name":"(anonymous_14)","decl":{"start":{"line":72,"column":30},"end":{"line":72,"column":31}},"loc":{"start":{"line":72,"column":42},"end":{"line":91,"column":5}},"line":72},"15":{"name":"(anonymous_15)","decl":{"start":{"line":75,"column":22},"end":{"line":75,"column":23}},"loc":{"start":{"line":75,"column":36},"end":{"line":79,"column":9}},"line":75},"16":{"name":"(anonymous_16)","decl":{"start":{"line":76,"column":39},"end":{"line":76,"column":40}},"loc":{"start":{"line":76,"column":51},"end":{"line":76,"column":78}},"line":76},"17":{"name":"(anonymous_17)","decl":{"start":{"line":88,"column":17},"end":{"line":88,"column":18}},"loc":{"start":{"line":88,"column":29},"end":{"line":88,"column":56}},"line":88},"18":{"name":"(anonymous_18)","decl":{"start":{"line":99,"column":22},"end":{"line":99,"column":23}},"loc":{"start":{"line":99,"column":61},"end":{"line":105,"column":1}},"line":99},"19":{"name":"(anonymous_19)","decl":{"start":{"line":115,"column":18},"end":{"line":115,"column":19}},"loc":{"start":{"line":115,"column":64},"end":{"line":133,"column":1}},"line":115},"20":{"name":"(anonymous_20)","decl":{"start":{"line":122,"column":22},"end":{"line":122,"column":23}},"loc":{"start":{"line":122,"column":31},"end":{"line":122,"column":91}},"line":122},"21":{"name":"(anonymous_21)","decl":{"start":{"line":125,"column":17},"end":{"line":125,"column":18}},"loc":{"start":{"line":125,"column":35},"end":{"line":125,"column":120}},"line":125},"22":{"name":"(anonymous_22)","decl":{"start":{"line":144,"column":17},"end":{"line":144,"column":18}},"loc":{"start":{"line":144,"column":57},"end":{"line":148,"column":1}},"line":144},"23":{"name":"(anonymous_23)","decl":{"start":{"line":159,"column":15},"end":{"line":159,"column":16}},"loc":{"start":{"line":159,"column":64},"end":{"line":173,"column":1}},"line":159},"24":{"name":"(anonymous_24)","decl":{"start":{"line":164,"column":29},"end":{"line":164,"column":30}},"loc":{"start":{"line":164,"column":39},"end":{"line":164,"column":41}},"line":164},"25":{"name":"(anonymous_25)","decl":{"start":{"line":165,"column":42},"end":{"line":165,"column":43}},"loc":{"start":{"line":165,"column":52},"end":{"line":165,"column":54}},"line":165}},"branchMap":{"0":{"loc":{"start":{"line":48,"column":28},"end":{"line":48,"column":80}},"type":"binary-expr","locations":[{"start":{"line":48,"column":28},"end":{"line":48,"column":69}},{"start":{"line":48,"column":73},"end":{"line":48,"column":80}}],"line":48},"1":{"loc":{"start":{"line":78,"column":19},"end":{"line":78,"column":76}},"type":"cond-expr","locations":[{"start":{"line":78,"column":43},"end":{"line":78,"column":54}},{"start":{"line":78,"column":57},"end":{"line":78,"column":76}}],"line":78},"2":{"loc":{"start":{"line":92,"column":11},"end":{"line":92,"column":54}},"type":"cond-expr","locations":[{"start":{"line":92,"column":30},"end":{"line":92,"column":49}},{"start":{"line":92,"column":52},"end":{"line":92,"column":54}}],"line":92},"3":{"loc":{"start":{"line":99,"column":39},"end":{"line":99,"column":55}},"type":"default-arg","locations":[{"start":{"line":99,"column":46},"end":{"line":99,"column":55}}],"line":99},"4":{"loc":{"start":{"line":115,"column":42},"end":{"line":115,"column":58}},"type":"default-arg","locations":[{"start":{"line":115,"column":49},"end":{"line":115,"column":58}}],"line":115},"5":{"loc":{"start":{"line":159,"column":44},"end":{"line":159,"column":58}},"type":"default-arg","locations":[{"start":{"line":159,"column":54},"end":{"line":159,"column":58}}],"line":159},"6":{"loc":{"start":{"line":169,"column":4},"end":{"line":171,"column":5}},"type":"if","locations":[{"start":{"line":169,"column":4},"end":{"line":171,"column":5}},{"start":{"line":169,"column":4},"end":{"line":171,"column":5}}],"line":169},"7":{"loc":{"start":{"line":172,"column":11},"end":{"line":172,"column":78}},"type":"cond-expr","locations":[{"start":{"line":172,"column":21},"end":{"line":172,"column":36}},{"start":{"line":172,"column":39},"end":{"line":172,"column":78}}],"line":172}},"s":{"0":1,"1":1,"2":1,"3":1,"4":1,"5":1,"6":1,"7":1,"8":1,"9":1,"10":1,"11":1,"12":2,"13":2,"14":2,"15":2,"16":2,"17":24,"18":24,"19":12,"20":24,"21":1,"22":5,"23":5,"24":5,"25":4,"26":4,"27":1,"28":1,"29":1,"30":1,"31":1,"32":1,"33":1,"34":1,"35":1,"36":3,"37":1,"38":1,"39":1,"40":1,"41":1,"42":1,"43":1,"44":1,"45":1,"46":3,"47":3,"48":3,"49":3,"50":1,"51":1,"52":1,"53":1,"54":3,"55":1,"56":1,"57":1,"58":1,"59":0,"60":0,"61":0,"62":0,"63":0,"64":1,"65":0,"66":0,"67":0,"68":0,"69":0,"70":0,"71":0,"72":0,"73":0,"74":0,"75":0,"76":0,"77":0,"78":0,"79":0,"80":1,"81":0,"82":0,"83":0,"84":1,"85":0,"86":0,"87":0,"88":0,"89":0,"90":0,"91":0,"92":0,"93":0,"94":0,"95":0,"96":1},"f":{"0":2,"1":24,"2":24,"3":12,"4":24,"5":5,"6":4,"7":1,"8":1,"9":1,"10":1,"11":3,"12":1,"13":1,"14":1,"15":3,"16":3,"17":3,"18":0,"19":0,"20":0,"21":0,"22":0,"23":0,"24":0,"25":0},"b":{"0":[4,4],"1":[0,3],"2":[1,0],"3":[0],"4":[0],"5":[0],"6":[0,0],"7":[0,0]},"_coverageSchema":"1a1c01bbd47fc00a2c39e90264f33305004495a9","hash":"79fa52fb99b781ba92fd47ee4c6ba6d51f12b228"}
}
