TN:
SF:src\utils\index.js
FN:8,(anonymous_0)
FN:9,(anonymous_1)
FN:10,(anonymous_2)
FN:13,(anonymous_3)
FN:18,(anonymous_4)
FN:21,(anonymous_5)
FN:24,(anonymous_6)
FN:25,(anonymous_7)
FN:26,(anonymous_8)
FN:27,(anonymous_9)
FN:36,(anonymous_10)
FN:44,(anonymous_11)
FN:51,(anonymous_12)
FN:54,(anonymous_13)
FNF:14
FNH:14
FNDA:8,(anonymous_0)
FNDA:1,(anonymous_1)
FNDA:1,(anonymous_2)
FNDA:8,(anonymous_3)
FNDA:3,(anonymous_4)
FNDA:5,(anonymous_5)
FNDA:1,(anonymous_6)
FNDA:37,(anonymous_7)
FNDA:11,(anonymous_8)
FNDA:7,(anonymous_9)
FNDA:1,(anonymous_10)
FNDA:3,(anonymous_11)
FNDA:6,(anonymous_12)
FNDA:14,(anonymous_13)
DA:1,1
DA:2,1
DA:4,1
DA:5,1
DA:6,1
DA:7,1
DA:8,8
DA:9,1
DA:10,1
DA:11,1
DA:13,1
DA:14,8
DA:15,8
DA:16,8
DA:18,3
DA:21,5
DA:24,1
DA:25,37
DA:26,11
DA:27,1
DA:28,7
DA:29,7
DA:30,7
DA:31,7
DA:32,7
DA:33,7
DA:34,7
DA:36,1
DA:37,1
DA:38,1
DA:39,1
DA:40,1
DA:41,1
DA:42,1
DA:44,1
DA:45,3
DA:46,3
DA:47,3
DA:48,3
DA:49,3
DA:51,1
DA:52,6
DA:53,6
DA:54,6
DA:55,14
DA:56,14
DA:57,14
DA:61,1
LF:48
LH:48
BRDA:10,0,0,0
BRDA:10,0,1,1
BRDA:23,1,0,1
BRDA:23,1,1,2
BRDA:23,2,0,2
BRDA:23,2,1,1
BRF:6
BRH:5
end_of_record
